# JRE version: OpenJDK Runtime Environment (8.0_112-b06) (build 1.8.0_112-release-b06)
# Java VM: OpenJDK 64-Bit Server VM (25.112-b06 mixed mode windows-amd64 compressed oops)
Heap:
 PSYoungGen      total 314880K, used 290466K [0x00000000e0000000, 0x00000000fa100000, 0x0000000100000000)
  eden space 266240K, 100% used [0x00000000e0000000,0x00000000f0400000,0x00000000f0400000)
  from space 48640K, 49% used [0x00000000f0400000,0x00000000f1ba8908,0x00000000f3380000)
  to   space 47104K, 28% used [0x00000000f7300000,0x00000000f80293a0,0x00000000fa100000)
 ParOldGen       total 157184K, used 88908K [0x00000000a0000000, 0x00000000a9980000, 0x00000000e0000000)
  object space 157184K, 56% used [0x00000000a0000000,0x00000000a56d3190,0x00000000a9980000)
 Metaspace       used 73607K, capacity 77334K, committed 77528K, reserved 1116160K
  class space    used 9434K, capacity 10178K, committed 10240K, reserved 1048576K
GC Heap History (10 events):
Event: 693.151 GC heap after
Heap after GC invocations=24 (full 3):
 PSYoungGen      total 181760K, used 15915K [0x00000000e0000000, 0x00000000f0380000, 0x0000000100000000)
  eden space 147968K, 0% used [0x00000000e0000000,0x00000000e0000000,0x00000000e9080000)
  from space 33792K, 47% used [0x00000000e9080000,0x00000000ea00ac50,0x00000000eb180000)
  to   space 32256K, 0% used [0x00000000ee400000,0x00000000ee400000,0x00000000f0380000)
 ParOldGen       total 157184K, used 57728K [0x00000000a0000000, 0x00000000a9980000, 0x00000000e0000000)
  object space 157184K, 36% used [0x00000000a0000000,0x00000000a3860348,0x00000000a9980000)
 Metaspace       used 67520K, capacity 70836K, committed 71000K, reserved 1110016K
  class space    used 8827K, capacity 9495K, committed 9600K, reserved 1048576K
}
Event: 696.627 GC heap before
{Heap before GC invocations=25 (full 3):
 PSYoungGen      total 181760K, used 163883K [0x00000000e0000000, 0x00000000f0380000, 0x0000000100000000)
  eden space 147968K, 100% used [0x00000000e0000000,0x00000000e9080000,0x00000000e9080000)
  from space 33792K, 47% used [0x00000000e9080000,0x00000000ea00ac50,0x00000000eb180000)
  to   space 32256K, 0% used [0x00000000ee400000,0x00000000ee400000,0x00000000f0380000)
 ParOldGen       total 157184K, used 57728K [0x00000000a0000000, 0x00000000a9980000, 0x00000000e0000000)
  object space 157184K, 36% used [0x00000000a0000000,0x00000000a3860348,0x00000000a9980000)
 Metaspace       used 69916K, capacity 73282K, committed 73560K, reserved 1114112K
  class space    used 9084K, capacity 9796K, committed 9856K, reserved 1048576K
Event: 696.654 GC heap after
Heap after GC invocations=25 (full 3):
 PSYoungGen      total 232448K, used 22406K [0x00000000e0000000, 0x00000000f0600000, 0x0000000100000000)
  eden space 200192K, 0% used [0x00000000e0000000,0x00000000e0000000,0x00000000ec380000)
  from space 32256K, 69% used [0x00000000ee400000,0x00000000ef9e19b8,0x00000000f0380000)
  to   space 33280K, 0% used [0x00000000ec380000,0x00000000ec380000,0x00000000ee400000)
 ParOldGen       total 157184K, used 57736K [0x00000000a0000000, 0x00000000a9980000, 0x00000000e0000000)
  object space 157184K, 36% used [0x00000000a0000000,0x00000000a3862348,0x00000000a9980000)
 Metaspace       used 69916K, capacity 73282K, committed 73560K, reserved 1114112K
  class space    used 9084K, capacity 9796K, committed 9856K, reserved 1048576K
}
Event: 698.265 GC heap before
{Heap before GC invocations=26 (full 3):
 PSYoungGen      total 232448K, used 222598K [0x00000000e0000000, 0x00000000f0600000, 0x0000000100000000)
  eden space 200192K, 100% used [0x00000000e0000000,0x00000000ec380000,0x00000000ec380000)
  from space 32256K, 69% used [0x00000000ee400000,0x00000000ef9e19b8,0x00000000f0380000)
  to   space 33280K, 0% used [0x00000000ec380000,0x00000000ec380000,0x00000000ee400000)
 ParOldGen       total 157184K, used 57736K [0x00000000a0000000, 0x00000000a9980000, 0x00000000e0000000)
  object space 157184K, 36% used [0x00000000a0000000,0x00000000a3862348,0x00000000a9980000)
 Metaspace       used 71304K, capacity 74626K, committed 74968K, reserved 1114112K
  class space    used 9172K, capacity 9860K, committed 9984K, reserved 1048576K
Event: 698.313 GC heap after
Heap after GC invocations=26 (full 3):
 PSYoungGen      total 233472K, used 33267K [0x00000000e0000000, 0x00000000f5e80000, 0x0000000100000000)
  eden space 200192K, 0% used [0x00000000e0000000,0x00000000e0000000,0x00000000ec380000)
  from space 33280K, 99% used [0x00000000ec380000,0x00000000ee3fcd10,0x00000000ee400000)
  to   space 44032K, 0% used [0x00000000f3380000,0x00000000f3380000,0x00000000f5e80000)
 ParOldGen       total 157184K, used 74078K [0x00000000a0000000, 0x00000000a9980000, 0x00000000e0000000)
  object space 157184K, 47% used [0x00000000a0000000,0x00000000a4857a58,0x00000000a9980000)
 Metaspace       used 71304K, capacity 74626K, committed 74968K, reserved 1114112K
  class space    used 9172K, capacity 9860K, committed 9984K, reserved 1048576K
}
Event: 699.614 GC heap before
{Heap before GC invocations=27 (full 3):
 PSYoungGen      total 233472K, used 233459K [0x00000000e0000000, 0x00000000f5e80000, 0x0000000100000000)
  eden space 200192K, 100% used [0x00000000e0000000,0x00000000ec380000,0x00000000ec380000)
  from space 33280K, 99% used [0x00000000ec380000,0x00000000ee3fcd10,0x00000000ee400000)
  to   space 44032K, 0% used [0x00000000f3380000,0x00000000f3380000,0x00000000f5e80000)
 ParOldGen       total 157184K, used 74078K [0x00000000a0000000, 0x00000000a9980000, 0x00000000e0000000)
  object space 157184K, 47% used [0x00000000a0000000,0x00000000a4857a58,0x00000000a9980000)
 Metaspace       used 71626K, capacity 75044K, committed 75224K, reserved 1114112K
  class space    used 9183K, capacity 9893K, committed 9984K, reserved 1048576K
Event: 699.669 GC heap after
Heap after GC invocations=27 (full 3):
 PSYoungGen      total 310272K, used 38721K [0x00000000e0000000, 0x00000000f6680000, 0x0000000100000000)
  eden space 266240K, 0% used [0x00000000e0000000,0x00000000e0000000,0x00000000f0400000)
  from space 44032K, 87% used [0x00000000f3380000,0x00000000f59504b0,0x00000000f5e80000)
  to   space 48640K, 0% used [0x00000000f0400000,0x00000000f0400000,0x00000000f3380000)
 ParOldGen       total 157184K, used 80693K [0x00000000a0000000, 0x00000000a9980000, 0x00000000e0000000)
  object space 157184K, 51% used [0x00000000a0000000,0x00000000a4ecd4f0,0x00000000a9980000)
 Metaspace       used 71626K, capacity 75044K, committed 75224K, reserved 1114112K
  class space    used 9183K, capacity 9893K, committed 9984K, reserved 1048576K
}
Event: 701.973 GC heap before
{Heap before GC invocations=28 (full 3):
 PSYoungGen      total 310272K, used 304394K [0x00000000e0000000, 0x00000000f6680000, 0x0000000100000000)
  eden space 266240K, 99% used [0x00000000e0000000,0x00000000f0372678,0x00000000f0400000)
  from space 44032K, 87% used [0x00000000f3380000,0x00000000f59504b0,0x00000000f5e80000)
  to   space 48640K, 0% used [0x00000000f0400000,0x00000000f0400000,0x00000000f3380000)
 ParOldGen       total 157184K, used 80693K [0x00000000a0000000, 0x00000000a9980000, 0x00000000e0000000)
  object space 157184K, 51% used [0x00000000a0000000,0x00000000a4ecd4f0,0x00000000a9980000)
 Metaspace       used 72961K, capacity 76366K, committed 76632K, reserved 1116160K
  class space    used 9355K, capacity 10042K, committed 10112K, reserved 1048576K
Event: 702.001 GC heap after
Heap after GC invocations=28 (full 3):
 PSYoungGen      total 314880K, used 24226K [0x00000000e0000000, 0x00000000fa100000, 0x0000000100000000)
  eden space 266240K, 0% used [0x00000000e0000000,0x00000000e0000000,0x00000000f0400000)
  from space 48640K, 49% used [0x00000000f0400000,0x00000000f1ba8908,0x00000000f3380000)
  to   space 47104K, 0% used [0x00000000f7300000,0x00000000f7300000,0x00000000fa100000)
 ParOldGen       total 157184K, used 82414K [0x00000000a0000000, 0x00000000a9980000, 0x00000000e0000000)
  object space 157184K, 52% used [0x00000000a0000000,0x00000000a507b8f8,0x00000000a9980000)
 Metaspace       used 72961K, capacity 76366K, committed 76632K, reserved 1116160K
  class space    used 9355K, capacity 10042K, committed 10112K, reserved 1048576K
}
Event: 759.526 GC heap before
{Heap before GC invocations=29 (full 3):
 PSYoungGen      total 314880K, used 290466K [0x00000000e0000000, 0x00000000fa100000, 0x0000000100000000)
  eden space 266240K, 100% used [0x00000000e0000000,0x00000000f0400000,0x00000000f0400000)
  from space 48640K, 49% used [0x00000000f0400000,0x00000000f1ba8908,0x00000000f3380000)
  to   space 47104K, 0% used [0x00000000f7300000,0x00000000f7300000,0x00000000fa100000)
 ParOldGen       total 157184K, used 82414K [0x00000000a0000000, 0x00000000a9980000, 0x00000000e0000000)
  object space 157184K, 52% used [0x00000000a0000000,0x00000000a507b8f8,0x00000000a9980000)
 Metaspace       used 73607K, capacity 77334K, committed 77528K, reserved 1116160K
  class space    used 9434K, capacity 10178K, committed 10240K, reserved 1048576K

